{"name": "test_basic_operations[10-5-add-15.1]", "status": "failed", "statusDetails": {"message": "AssertionError: Ожидалось 15.1, получено Результат: 15.0\nassert '15.1' in 'Результат: 15.0'", "trace": "self = <test_calculator.TestAdvancedCalculator object at 0x000002562D637730>\nbrowser = <selenium.webdriver.chrome.webdriver.WebDriver (session=\"71793d6bb581c97c72fa212ab3ed63ab\")>, num1 = 10\nnum2 = 5, operation = 'add', expected = '15.1'\n\n    @allure.story(\"Основные математические операции\")\n    @pytest.mark.parametrize(\"num1,num2,operation,expected\", [\n        (10, 5, \"add\", \"15.1\"),\n        (20, 3, \"subtract\", \"17.1\"),\n        (5, 6, \"multiply\", \"30.0\"),\n        (100, 4, \"divide\", \"25.0\"),\n        (0, 5, \"add\", \"5.0\"),\n        (-5, 3, \"subtract\", \"-8.0\"),\n        (2.5, 4, \"multiply\", \"10.0\"),\n        (10, 0.5, \"divide\", \"20.0\"),\n        (999, 1, \"add\", \"1000.0\"),\n        (0, 0, \"subtract\", \"0.0\")\n    ])\n    def test_basic_operations(self, browser, num1, num2, operation, expected):\n        calculator = CalculatorPage(browser)\n        with allure.step(\"Открываем и заполняем форму\"):\n            (\n                calculator.open()\n                .enter_values(num1, num2)\n                .select_operation(operation)\n                .calculate()\n            )\n    \n        time.sleep(1)\n        with allure.step(\"Проверяем результат\"):\n            result = calculator.get_result()\n>           assert expected in result, f\"Ожидалось {expected}, получено {result}\"\nE           AssertionError: Ожидалось 15.1, получено Результат: 15.0\nE           assert '15.1' in 'Результат: 15.0'\n\ntests\\test_calculator.py:109: AssertionError"}, "steps": [{"name": "Открываем и заполняем форму", "status": "passed", "start": 1738868310818, "stop": 1738868312225}, {"name": "Проверяем результат", "status": "failed", "statusDetails": {"message": "AssertionError: Ожидалось 15.1, получено Результат: 15.0\nassert '15.1' in 'Результат: 15.0'\n", "trace": "  File \"C:\\Users\\anton\\Desktop\\Полезные файлы\\Учёба\\ITHub\\3 курс\\2 семестр\\Тестирование\\finaltests\\tests\\test_calculator.py\", line 109, in test_basic_operations\n    assert expected in result, f\"Ожидалось {expected}, получено {result}\"\n"}, "start": 1738868313240, "stop": 1738868313285}], "attachments": [{"name": "screenshot", "source": "f4ef8acd-d2a4-4d9f-beef-8f5d9c2f4393-attachment.png", "type": "image/png"}], "parameters": [{"name": "num1", "value": "10"}, {"name": "num2", "value": "5"}, {"name": "operation", "value": "'add'"}, {"name": "expected", "value": "'15.1'"}], "start": 1738868310818, "stop": 1738868313286, "uuid": "9ff46a69-baf8-47bf-a2ee-71bcac27d920", "historyId": "12dba5174f63deaa12c862ad90ab1f29", "testCaseId": "9e58978d01040698a59a60ca7d293832", "fullName": "tests.test_calculator.TestAdvancedCalculator#test_basic_operations", "labels": [{"name": "feature", "value": "Тесты калькулятора"}, {"name": "story", "value": "Основные математические операции"}, {"name": "parentSuite", "value": "tests"}, {"name": "suite", "value": "test_calculator"}, {"name": "subSuite", "value": "TestAdvancedCalculator"}, {"name": "host", "value": "anton"}, {"name": "thread", "value": "28068-MainThread"}, {"name": "framework", "value": "pytest"}, {"name": "language", "value": "cpython3"}, {"name": "package", "value": "tests.test_calculator"}]}